<?xml version="1.0" encoding="UTF-8"?>
<!-- Generated by org.testng.reporters.JUnitReportReporter -->
<testsuite hostname="DESKTOP-R8C3CCQ" failures="0" tests="2" name="library.BaseClassTesting" time="43.256" errors="0" timestamp="2023-03-22T18:07:27 IST" skipped="0">
  <testcase classname="library.BaseClassTesting" name="validLogin" time="24.577"/>
  <system-out/>
  <testcase classname="library.BaseClassTesting" name="InvalidLogin" time="18.679"/>
  <system-out/>
</testsuite> <!-- library.BaseClassTesting -->
