<?xml version="1.0" encoding="UTF-8"?>
<!-- Generated by org.testng.reporters.JUnitReportReporter -->
<testsuite hostname="DESKTOP-R8C3CCQ" failures="0" tests="1" name="ddt.TestDDT1" time="0.000" errors="0" timestamp="2023-03-21T22:30:06 IST" skipped="1">
  <testcase classname="ddt.TestDDT1" name="TestFireFox" time="0.000">
    <skipped/>
  </testcase> <!-- TestFireFox -->
  <system-out/>
</testsuite> <!-- ddt.TestDDT1 -->
