<?xml version="1.0" encoding="UTF-8"?>
<!-- Generated by org.testng.reporters.JUnitReportReporter -->
<testsuite hostname="DESKTOP-R8C3CCQ" failures="0" tests="2" name="testcases.VerifyFacebookLogin3DDT2" time="12.524" errors="0" timestamp="2023-03-21T23:15:23 IST" skipped="0">
  <testcase classname="testcases.VerifyFacebookLogin3DDT2" name="verifyValidLogin" time="7.780"/>
  <system-out/>
  <testcase classname="testcases.VerifyFacebookLogin3DDT2" name="verifyValidLogin" time="4.744"/>
  <system-out/>
</testsuite> <!-- testcases.VerifyFacebookLogin3DDT2 -->
