<?xml version="1.0" encoding="UTF-8"?>
<!-- Generated by org.testng.reporters.JUnitReportReporter -->
<testsuite hostname="DESKTOP-R8C3CCQ" failures="0" tests="1" name="testcases.VerifyFacebookLogin2" time="5.853" errors="0" timestamp="2023-03-21T22:48:01 IST" skipped="0">
  <testcase classname="testcases.VerifyFacebookLogin2" name="verifyValidLogin" time="5.853"/>
  <system-out/>
</testsuite> <!-- testcases.VerifyFacebookLogin2 -->
