<?xml version="1.0" encoding="UTF-8"?>
<!-- Generated by org.testng.reporters.JUnitReportReporter -->
<testsuite hostname="DESKTOP-R8C3CCQ" failures="0" tests="1" name="testng.NewTest" time="6.775" errors="0" timestamp="2023-03-19T18:49:23 IST" skipped="0">
  <testcase classname="testng.NewTest" name="testcase1" time="6.775"/>
  <system-out/>
</testsuite> <!-- testng.NewTest -->
