<?xml version="1.0" encoding="UTF-8"?>
<!-- Generated by org.testng.reporters.JUnitReportReporter -->
<testsuite hostname="DESKTOP-R8C3CCQ" failures="0" tests="1" name="testcases.VerifyFacebookLogin1" time="7.577" errors="0" timestamp="2023-03-21T22:45:49 IST" skipped="0">
  <testcase classname="testcases.VerifyFacebookLogin1" name="verifyValidLogin" time="7.577"/>
  <system-out/>
</testsuite> <!-- testcases.VerifyFacebookLogin1 -->
