<?xml version="1.0" encoding="UTF-8"?>
<!-- Generated by org.testng.reporters.JUnitReportReporter -->
<testsuite hostname="DESKTOP-R8C3CCQ" failures="0" tests="3" name="testcases.VerifyFacebookLogin4" time="35.911" errors="0" timestamp="2023-03-22T15:50:25 IST" skipped="0">
  <testcase classname="testcases.VerifyFacebookLogin4" name="RegistrationFB" time="11.015"/>
  <system-out/>
  <testcase classname="testcases.VerifyFacebookLogin4" name="RegistrationFB" time="13.444"/>
  <system-out/>
  <testcase classname="testcases.VerifyFacebookLogin4" name="RegistrationFB" time="11.452"/>
  <system-out/>
</testsuite> <!-- testcases.VerifyFacebookLogin4 -->
