<?xml version="1.0" encoding="UTF-8"?>
<!-- Generated by org.testng.reporters.JUnitReportReporter -->
<testsuite hostname="DESKTOP-R8C3CCQ" failures="0" tests="1" name="testng.NewTest3" time="6.932" errors="0" timestamp="2023-03-23T23:38:35 IST" skipped="0">
  <testcase classname="testng.NewTest3" name="testcase3" time="6.932"/>
  <system-out/>
</testsuite> <!-- testng.NewTest3 -->
