<?xml version="1.0" encoding="UTF-8"?>
<!-- Generated by org.testng.reporters.JUnitReportReporter -->
<testsuite hostname="DESKTOP-R8C3CCQ" failures="0" tests="1" name="testng.NewTest1" time="5.991" errors="0" timestamp="2023-03-23T23:25:38 IST" skipped="0">
  <testcase classname="testng.NewTest1" name="testcase1" time="5.991"/>
  <system-out/>
</testsuite> <!-- testng.NewTest1 -->
