<?xml version="1.0" encoding="UTF-8"?>
<!-- Generated by org.testng.reporters.JUnitReportReporter -->
<testsuite hostname="MJNVSai" failures="0" tests="1" name="jxl.ReadDataFromXls" time="0.527" errors="0" timestamp="2023-03-31T10:48:42 IST" skipped="0">
  <testcase classname="jxl.ReadDataFromXls" name="TestData" time="0.527"/>
  <system-out/>
</testsuite> <!-- jxl.ReadDataFromXls -->
