<?xml version="1.0" encoding="UTF-8"?>
<!-- Generated by org.testng.reporters.JUnitReportReporter -->
<testsuite hostname="DESKTOP-R8C3CCQ" failures="0" tests="1" name="testng.NewTest5" time="6.232" errors="0" timestamp="2023-03-24T00:05:33 IST" skipped="0">
  <testcase classname="testng.NewTest5" name="testcase1" time="6.232"/>
  <system-out/>
</testsuite> <!-- testng.NewTest5 -->
