<?xml version="1.0" encoding="UTF-8"?>
<!-- Generated by org.testng.reporters.JUnitReportReporter -->
<testsuite hostname="DESKTOP-R8C3CCQ" failures="0" tests="3" name="testng.NewTest6" time="21.976" errors="0" timestamp="2023-03-19T20:38:11 IST" skipped="0">
  <testcase classname="testng.NewTest6" name="Ctestcase1" time="7.414"/>
  <system-out/>
  <testcase classname="testng.NewTest6" name="Atestcase3" time="9.895"/>
  <system-out/>
  <testcase classname="testng.NewTest6" name="Btestcase2" time="4.667"/>
  <system-out/>
</testsuite> <!-- testng.NewTest6 -->
