<?xml version="1.0" encoding="UTF-8"?>
<!-- Generated by org.testng.reporters.JUnitReportReporter -->
<testsuite hostname="DESKTOP-R8C3CCQ" failures="0" tests="2" name="testcases.VerifyFacebookLogin3DDT" time="9.909" errors="0" timestamp="2023-03-21T23:13:51 IST" skipped="0">
  <testcase classname="testcases.VerifyFacebookLogin3DDT" name="verifyValidLogin" time="3.307"/>
  <system-out/>
  <testcase classname="testcases.VerifyFacebookLogin3DDT" name="verifyValidLogin" time="6.602"/>
  <system-out/>
</testsuite> <!-- testcases.VerifyFacebookLogin3DDT -->
